<?xml version="1.0" encoding="UTF-8"?>
<!-- Generated by org.testng.reporters.JUnitReportReporter -->
<testsuite skipped="0" hostname="DESKTOP-76NTOSH" name="com.ecommerce.pages.HomePage" tests="5" failures="0" timestamp="2020-04-06T23:13:46 PDT" time="9.475" errors="0">
  <testcase name="verifyTitleofHomePage" time="0.047" classname="com.ecommerce.pages.HomePage"/>
  <testcase name="clickonMobile" time="5.087" classname="com.ecommerce.pages.HomePage"/>
  <testcase name="verify_Title_of_MObile_Page" time="0.028" classname="com.ecommerce.pages.HomePage"/>
  <testcase name="selectMobilesByName" time="4.113" classname="com.ecommerce.pages.HomePage"/>
  <testcase name="sortedornot" time="0.200" classname="com.ecommerce.pages.HomePage"/>
</testsuite> <!-- com.ecommerce.pages.HomePage -->
