<?xml version="1.0" encoding="UTF-8"?>
<!-- Generated by org.testng.reporters.JUnitReportReporter -->
<testsuite skipped="0" hostname="DESKTOP-76NTOSH" name="com.guru99bank.tests.test" tests="1" failures="0" timestamp="2020-04-06T06:14:13 PDT" time="52.039" errors="0">
  <testcase name="test" time="52.039" classname="com.guru99bank.tests.test"/>
</testsuite> <!-- com.guru99bank.tests.test -->
